0 info it worked if it ends with ok
1 verbose cli [ '/usr/local/bin/node',
1 verbose cli   '/usr/local/bin/npm',
1 verbose cli   '--registry=https://registry.npm.taobao.org',
1 verbose cli   'view',
1 verbose cli   'type2' ]
2 info using npm@3.10.10
3 info using node@v6.11.1
4 silly mapToRegistry name type2
5 silly mapToRegistry using default registry
6 silly mapToRegistry registry https://registry.npm.taobao.org/
7 silly mapToRegistry data Result {
7 silly mapToRegistry   raw: 'type2',
7 silly mapToRegistry   scope: null,
7 silly mapToRegistry   escapedName: 'type2',
7 silly mapToRegistry   name: 'type2',
7 silly mapToRegistry   rawSpec: '',
7 silly mapToRegistry   spec: 'latest',
7 silly mapToRegistry   type: 'tag' }
8 silly mapToRegistry uri https://registry.npm.taobao.org/type2
9 verbose request uri https://registry.npm.taobao.org/type2
10 verbose request no auth needed
11 info attempt registry request try #1 at 2:57:23 PM
12 verbose request id eed5d135f84f8c5c
13 http request GET https://registry.npm.taobao.org/type2
14 http 404 https://registry.npm.taobao.org/type2
15 verbose headers { date: 'Mon, 06 Nov 2017 06:57:25 GMT',
15 verbose headers   'content-type': 'application/json; charset=utf-8',
15 verbose headers   'content-length': '379',
15 verbose headers   connection: 'keep-alive',
15 verbose headers   'x-current-requests': '1',
15 verbose headers   'x-readtime': '70' }
16 silly get cb [ 404,
16 silly get   { date: 'Mon, 06 Nov 2017 06:57:25 GMT',
16 silly get     'content-type': 'application/json; charset=utf-8',
16 silly get     'content-length': '379',
16 silly get     connection: 'keep-alive',
16 silly get     'x-current-requests': '1',
16 silly get     'x-readtime': '70' } ]
17 verbose stack Error: Registry returned 404 for GET on https://registry.npm.taobao.org/type2
17 verbose stack     at makeError (/usr/local/lib/node_modules/npm/node_modules/npm-registry-client/lib/request.js:302:12)
17 verbose stack     at CachingRegistryClient.<anonymous> (/usr/local/lib/node_modules/npm/node_modules/npm-registry-client/lib/request.js:280:14)
17 verbose stack     at Request._callback (/usr/local/lib/node_modules/npm/node_modules/npm-registry-client/lib/request.js:210:14)
17 verbose stack     at Request.self.callback (/usr/local/lib/node_modules/npm/node_modules/request/request.js:187:22)
17 verbose stack     at emitTwo (events.js:106:13)
17 verbose stack     at Request.emit (events.js:191:7)
17 verbose stack     at Request.<anonymous> (/usr/local/lib/node_modules/npm/node_modules/request/request.js:1048:10)
17 verbose stack     at emitOne (events.js:96:13)
17 verbose stack     at Request.emit (events.js:188:7)
17 verbose stack     at IncomingMessage.<anonymous> (/usr/local/lib/node_modules/npm/node_modules/request/request.js:969:12)
18 verbose statusCode 404
19 verbose pkgid type2
20 verbose cwd /Users/jiangjing/JPO/WorkingSpace/YUAN.npm/noda
21 error Darwin 16.7.0
22 error argv "/usr/local/bin/node" "/usr/local/bin/npm" "--registry=https://registry.npm.taobao.org" "view" "type2"
23 error node v6.11.1
24 error npm  v3.10.10
25 error code E404
26 error 404 Registry returned 404 for GET on https://registry.npm.taobao.org/type2
27 error 404
28 error 404 'type2' is not in the npm registry.
29 error 404 You should bug the author to publish it (or use the name yourself!)
30 error 404 Note that you can also install from a
31 error 404 tarball, folder, http url, or git url.
32 verbose exit [ 1, true ]
